Arguments: 
  /home/everton/.nvm/versions/node/v14.15.4/bin/node /usr/share/yarn/bin/yarn.js add @babe/core @babel/cli @babel/preset-env -D

PATH: 
  /home/everton/.vscode-server/bin/fd6f3bce6709b121a895d042d343d71f317d74e7/bin:/home/everton/.nvm/versions/node/v14.15.4/bin:/usr/local/sbin:/usr/local/bin:/usr/sbin:/usr/bin:/sbin:/bin:/usr/games:/usr/local/games:/mnt/c/Program Files (x86)/Embarcadero/Studio/20.0/bin:/mnt/c/Users/Public/Documents/Embarcadero/Studio/20.0/Bpl:/mnt/c/Program Files (x86)/Embarcadero/Studio/20.0/bin64:/mnt/c/Users/Public/Documents/Embarcadero/Studio/20.0/Bpl/Win64:/mnt/c/Program Files (x86)/VMware/VMware Player/bin/:/mnt/c/Program Files (x86)/Razer Chroma SDK/bin:/mnt/c/Program Files/Razer Chroma SDK/bin:/mnt/c/Windows/system32:/mnt/c/Windows:/mnt/c/Windows/System32/Wbem:/mnt/c/Windows/System32/WindowsPowerShell/v1.0/:/mnt/c/Windows/System32/OpenSSH/:/mnt/c/Users/l1f3l/AppData/Local/Microsoft/WindowsApps:/mnt/c/Program Files/Git/cmd:/mnt/c/Users/l1f3l/AppData/Roaming/nvm:/mnt/c/Program Files/nodejs:/mnt/c/ProgramData/chocolatey/bin:/mnt/c/Program Files/NVIDIA Corporation/NVIDIA NvDLISR:/mnt/c/Program Files/Docker/Docker/resources/bin:/mnt/c/ProgramData/DockerDesktop/version-bin:/mnt/c/Users/l1f3l/AppData/Local/Programs/Microsoft VS Code/bin:/mnt/c/Users/l1f3l/dev/cmder:/mnt/c/Users/l1f3l/AppData/Local/hyper/app-3.0.2/resources/bin:/mnt/c/Users/l1f3l/dev/flutter/bin:/mnt/c/Users/l1f3l/AppData/Local/Android/Sdk/platform-tools

Yarn version: 
  1.22.5

Node version: 
  14.15.4

Platform: 
  linux x64

Trace: 
  Error: https://registry.yarnpkg.com/@babe%2fcore: Not found
      at Request.params.callback [as _callback] (/usr/share/yarn/lib/cli.js:66988:18)
      at Request.self.callback (/usr/share/yarn/lib/cli.js:140749:22)
      at Request.emit (events.js:315:20)
      at Request.<anonymous> (/usr/share/yarn/lib/cli.js:141721:10)
      at Request.emit (events.js:315:20)
      at IncomingMessage.<anonymous> (/usr/share/yarn/lib/cli.js:141643:12)
      at Object.onceWrapper (events.js:421:28)
      at IncomingMessage.emit (events.js:327:22)
      at endReadableNT (internal/streams/readable.js:1327:12)
      at processTicksAndRejections (internal/process/task_queues.js:80:21)

npm manifest: 
  {
    "name": "01-github-explorer",
    "version": "1.0.0",
    "main": "index.js",
    "license": "MIT",
    "dependencies": {
      "react": "^17.0.1",
      "react-dom": "^17.0.1"
    }
  }

yarn manifest: 
  No manifest

Lockfile: 
  # THIS IS AN AUTOGENERATED FILE. DO NOT EDIT THIS FILE DIRECTLY.
  # yarn lockfile v1
  
  
  "js-tokens@^3.0.0 || ^4.0.0":
    version "4.0.0"
    resolved "https://registry.yarnpkg.com/js-tokens/-/js-tokens-4.0.0.tgz#19203fb59991df98e3a287050d4647cdeaf32499"
    integrity sha512-RdJUflcE3cUzKiMqQgsCu06FPu9UdIJO0beYbPhHN4k6apgJtifcoCtT9bcxOpYBtpD2kCM6Sbzg4CausW/PKQ==
  
  loose-envify@^1.1.0:
    version "1.4.0"
    resolved "https://registry.yarnpkg.com/loose-envify/-/loose-envify-1.4.0.tgz#71ee51fa7be4caec1a63839f7e682d8132d30caf"
    integrity sha512-lyuxPGr/Wfhrlem2CL/UcnUc1zcqKAImBDzukY7Y5F/yQiNdko6+fRLevlw1HgMySw7f611UIY408EtxRSoK3Q==
    dependencies:
      js-tokens "^3.0.0 || ^4.0.0"
  
  object-assign@^4.1.1:
    version "4.1.1"
    resolved "https://registry.yarnpkg.com/object-assign/-/object-assign-4.1.1.tgz#2109adc7965887cfc05cbbd442cac8bfbb360863"
    integrity sha1-IQmtx5ZYh8/AXLvUQsrIv7s2CGM=
  
  react-dom@^17.0.1:
    version "17.0.1"
    resolved "https://registry.yarnpkg.com/react-dom/-/react-dom-17.0.1.tgz#1de2560474ec9f0e334285662ede52dbc5426fc6"
    integrity sha512-6eV150oJZ9U2t9svnsspTMrWNyHc6chX0KzDeAOXftRa8bNeOKTTfCJ7KorIwenkHd2xqVTBTCZd79yk/lx/Ug==
    dependencies:
      loose-envify "^1.1.0"
      object-assign "^4.1.1"
      scheduler "^0.20.1"
  
  react@^17.0.1:
    version "17.0.1"
    resolved "https://registry.yarnpkg.com/react/-/react-17.0.1.tgz#6e0600416bd57574e3f86d92edba3d9008726127"
    integrity sha512-lG9c9UuMHdcAexXtigOZLX8exLWkW0Ku29qPRU8uhF2R9BN96dLCt0psvzPLlHc5OWkgymP3qwTRgbnw5BKx3w==
    dependencies:
      loose-envify "^1.1.0"
      object-assign "^4.1.1"
  
  scheduler@^0.20.1:
    version "0.20.1"
    resolved "https://registry.yarnpkg.com/scheduler/-/scheduler-0.20.1.tgz#da0b907e24026b01181ecbc75efdc7f27b5a000c"
    integrity sha512-LKTe+2xNJBNxu/QhHvDR14wUXHRQbVY5ZOYpOGWRzhydZUqrLb2JBvLPY7cAqFmqrWuDED0Mjk7013SZiOz6Bw==
    dependencies:
      loose-envify "^1.1.0"
      object-assign "^4.1.1"
